# JRE version: Java(TM) SE Runtime Environment (8.0_31-b13) (build 1.8.0_31-b13)
# Java VM: Java HotSpot(TM) 64-Bit Server VM (25.31-b07 mixed mode windows-amd64 compressed oops)
Heap:
 PSYoungGen      total 76288K, used 69135K [0x000000076b380000, 0x0000000770880000, 0x00000007c0000000)
  eden space 65536K, 95% used [0x000000076b380000,0x000000076f0d7748,0x000000076f380000)
  from space 10752K, 58% used [0x000000076fe00000,0x000000077042c598,0x0000000770880000)
  to   space 10752K, 0% used [0x000000076f380000,0x000000076f380000,0x000000076fe00000)
 ParOldGen       total 175104K, used 112K [0x00000006c1a00000, 0x00000006cc500000, 0x000000076b380000)
  object space 175104K, 0% used [0x00000006c1a00000,0x00000006c1a1c028,0x00000006cc500000)
 Metaspace       used 11316K, capacity 11456K, committed 11648K, reserved 1058816K
  class space    used 1295K, capacity 1316K, committed 1408K, reserved 1048576K
GC Heap History (8 events):
Event: 24.637 GC heap before
{Heap before GC invocations=1 (full 0):
 PSYoungGen      total 76288K, used 65536K [0x000000076b380000, 0x0000000770880000, 0x00000007c0000000)
  eden space 65536K, 100% used [0x000000076b380000,0x000000076f380000,0x000000076f380000)
  from space 10752K, 0% used [0x000000076fe00000,0x000000076fe00000,0x0000000770880000)
  to   space 10752K, 0% used [0x000000076f380000,0x000000076f380000,0x000000076fe00000)
 ParOldGen       total 175104K, used 0K [0x00000006c1a00000, 0x00000006cc500000, 0x000000076b380000)
  object space 175104K, 0% used [0x00000006c1a00000,0x00000006c1a00000,0x00000006cc500000)
 Metaspace       used 10347K, capacity 10468K, committed 10752K, reserved 1058816K
  class space    used 1188K, capacity 1208K, committed 1280K, reserved 1048576K
Event: 24.648 GC heap after
Heap after GC invocations=1 (full 0):
 PSYoungGen      total 76288K, used 6696K [0x000000076b380000, 0x0000000770880000, 0x00000007c0000000)
  eden space 65536K, 0% used [0x000000076b380000,0x000000076b380000,0x000000076f380000)
  from space 10752K, 62% used [0x000000076f380000,0x000000076fa0a178,0x000000076fe00000)
  to   space 10752K, 0% used [0x000000076fe00000,0x000000076fe00000,0x0000000770880000)
 ParOldGen       total 175104K, used 88K [0x00000006c1a00000, 0x00000006cc500000, 0x000000076b380000)
  object space 175104K, 0% used [0x00000006c1a00000,0x00000006c1a16028,0x00000006cc500000)
 Metaspace       used 10347K, capacity 10468K, committed 10752K, reserved 1058816K
  class space    used 1188K, capacity 1208K, committed 1280K, reserved 1048576K
}
Event: 26.904 GC heap before
{Heap before GC invocations=2 (full 0):
 PSYoungGen      total 76288K, used 72232K [0x000000076b380000, 0x0000000770880000, 0x00000007c0000000)
  eden space 65536K, 100% used [0x000000076b380000,0x000000076f380000,0x000000076f380000)
  from space 10752K, 62% used [0x000000076f380000,0x000000076fa0a178,0x000000076fe00000)
  to   space 10752K, 0% used [0x000000076fe00000,0x000000076fe00000,0x0000000770880000)
 ParOldGen       total 175104K, used 88K [0x00000006c1a00000, 0x00000006cc500000, 0x000000076b380000)
  object space 175104K, 0% used [0x00000006c1a00000,0x00000006c1a16028,0x00000006cc500000)
 Metaspace       used 10407K, capacity 10468K, committed 10752K, reserved 1058816K
  class space    used 1189K, capacity 1208K, committed 1280K, reserved 1048576K
Event: 26.911 GC heap after
Heap after GC invocations=2 (full 0):
 PSYoungGen      total 76288K, used 4001K [0x000000076b380000, 0x0000000770880000, 0x00000007c0000000)
  eden space 65536K, 0% used [0x000000076b380000,0x000000076b380000,0x000000076f380000)
  from space 10752K, 37% used [0x000000076fe00000,0x00000007701e85a8,0x0000000770880000)
  to   space 10752K, 0% used [0x000000076f380000,0x000000076f380000,0x000000076fe00000)
 ParOldGen       total 175104K, used 96K [0x00000006c1a00000, 0x00000006cc500000, 0x000000076b380000)
  object space 175104K, 0% used [0x00000006c1a00000,0x00000006c1a18028,0x00000006cc500000)
 Metaspace       used 10407K, capacity 10468K, committed 10752K, reserved 1058816K
  class space    used 1189K, capacity 1208K, committed 1280K, reserved 1048576K
}
Event: 29.127 GC heap before
{Heap before GC invocations=3 (full 0):
 PSYoungGen      total 76288K, used 69537K [0x000000076b380000, 0x0000000770880000, 0x00000007c0000000)
  eden space 65536K, 100% used [0x000000076b380000,0x000000076f380000,0x000000076f380000)
  from space 10752K, 37% used [0x000000076fe00000,0x00000007701e85a8,0x0000000770880000)
  to   space 10752K, 0% used [0x000000076f380000,0x000000076f380000,0x000000076fe00000)
 ParOldGen       total 175104K, used 96K [0x00000006c1a00000, 0x00000006cc500000, 0x000000076b380000)
  object space 175104K, 0% used [0x00000006c1a00000,0x00000006c1a18028,0x00000006cc500000)
 Metaspace       used 10413K, capacity 10532K, committed 10752K, reserved 1058816K
  class space    used 1189K, capacity 1208K, committed 1280K, reserved 1048576K
Event: 29.134 GC heap after
Heap after GC invocations=3 (full 0):
 PSYoungGen      total 76288K, used 5137K [0x000000076b380000, 0x0000000770880000, 0x00000007c0000000)
  eden space 65536K, 0% used [0x000000076b380000,0x000000076b380000,0x000000076f380000)
  from space 10752K, 47% used [0x000000076f380000,0x000000076f884598,0x000000076fe00000)
  to   space 10752K, 0% used [0x000000076fe00000,0x000000076fe00000,0x0000000770880000)
 ParOldGen       total 175104K, used 104K [0x00000006c1a00000, 0x00000006cc500000, 0x000000076b380000)
  object space 175104K, 0% used [0x00000006c1a00000,0x00000006c1a1a028,0x00000006cc500000)
 Metaspace       used 10413K, capacity 10532K, committed 10752K, reserved 1058816K
  class space    used 1189K, capacity 1208K, committed 1280K, reserved 1048576K
}
Event: 31.333 GC heap before
{Heap before GC invocations=4 (full 0):
 PSYoungGen      total 76288K, used 70673K [0x000000076b380000, 0x0000000770880000, 0x00000007c0000000)
  eden space 65536K, 100% used [0x000000076b380000,0x000000076f380000,0x000000076f380000)
  from space 10752K, 47% used [0x000000076f380000,0x000000076f884598,0x000000076fe00000)
  to   space 10752K, 0% used [0x000000076fe00000,0x000000076fe00000,0x0000000770880000)
 ParOldGen       total 175104K, used 104K [0x00000006c1a00000, 0x00000006cc500000, 0x000000076b380000)
  object space 175104K, 0% used [0x00000006c1a00000,0x00000006c1a1a028,0x00000006cc500000)
 Metaspace       used 10421K, capacity 10532K, committed 10752K, reserved 1058816K
  class space    used 1189K, capacity 1208K, committed 1280K, reserved 1048576K
Event: 31.337 GC heap after
Heap after GC invocations=4 (full 0):
 PSYoungGen      total 76288K, used 6321K [0x000000076b380000, 0x0000000770880000, 0x00000007c0000000)
  eden space 65536K, 0% used [0x000000076b380000,0x000000076b380000,0x000000076f380000)
  from space 10752K, 58% used [0x000000076fe00000,0x000000077042c598,0x0000000770880000)
  to   space 10752K, 0% used [0x000000076f380000,0x000000076f380000,0x000000076fe00000)
 ParOldGen       total 175104K, used 112K [0x00000006c1a00000, 0x00000006cc500000, 0x000000076b380000)
  object space 175104K, 0% used [0x00000006c1a00000,0x00000006c1a1c028,0x00000006cc500000)
 Metaspace       used 10421K, capacity 10532K, committed 10752K, reserved 1058816K
  class space    used 1189K, capacity 1208K, committed 1280K, reserved 1048576K
}

